#-----------------------------------------------------------
# Webtalk v2016.2 (64-bit)
# SW Build 1577090 on Thu Jun  2 16:32:35 MDT 2016
# 
# Start of session at: Thu Sep 29 23:17:31 2016
# Process ID: 18960
# Current directory: /opt/Xilinx/Projects/mic_gather_data/mic_gather_data.sdk/webtalk
# Command line: wbtcv -mode batch -source sdk_webtalk.tcl
# Log file: /opt/Xilinx/Projects/mic_gather_data/mic_gather_data.sdk/webtalk/webtalk.log
# Journal file: /opt/Xilinx/Projects/mic_gather_data/mic_gather_data.sdk/webtalk/webtalk.jou
#-----------------------------------------------------------
source sdk_webtalk.tcl
# webtalk_init -webtalk_dir /opt/Xilinx/Projects/mic_gather_data/mic_gather_data.sdk/webtalk
# webtalk_register_client -client project
# webtalk_add_data -client project -key date_generated -value "Thu Sep 29 23:17:31 2016" -context "software_version_and_target_device"
# webtalk_add_data -client project -key product_version -value "SDK v2016.2" -context "software_version_and_target_device"
# webtalk_add_data -client project -key build_version -value "2016.2" -context "software_version_and_target_device"
# webtalk_add_data -client project -key os_platform -value "amd64" -context "software_version_and_target_device"
# webtalk_add_data -client project -key registration_id -value "" -context "software_version_and_target_device"
# webtalk_add_data -client project -key tool_flow -value "SDK" -context "software_version_and_target_device"
# webtalk_add_data -client project -key beta -value "false" -context "software_version_and_target_device"
# webtalk_add_data -client project -key route_design -value "NA" -context "software_version_and_target_device"
# webtalk_add_data -client project -key target_family -value "NA" -context "software_version_and_target_device"
# webtalk_add_data -client project -key target_device -value "NA" -context "software_version_and_target_device"
# webtalk_add_data -client project -key target_package -value "NA" -context "software_version_and_target_device"
# webtalk_add_data -client project -key target_speed -value "NA" -context "software_version_and_target_device"
# webtalk_add_data -client project -key random_id -value "cf7173tnqg5sphac1md7a6san7" -context "software_version_and_target_device"
# webtalk_add_data -client project -key project_id -value "2016.2_31" -context "software_version_and_target_device"
# webtalk_add_data -client project -key project_iteration -value "31" -context "software_version_and_target_device"
# webtalk_add_data -client project -key os_name -value "" -context "user_environment"
# webtalk_add_data -client project -key os_release -value "" -context "user_environment"
# webtalk_add_data -client project -key cpu_name -value "" -context "user_environment"
# webtalk_add_data -client project -key cpu_speed -value "" -context "user_environment"
# webtalk_add_data -client project -key total_processors -value "" -context "user_environment"
# webtalk_add_data -client project -key system_ram -value "" -context "user_environment"
# webtalk_register_client -client sdk
# webtalk_add_data -client sdk -key uid -value "1475168883000" -context "sdk\\\\hardware/1475168883000"
# webtalk_add_data -client sdk -key isZynq -value "false" -context "sdk\\\\hardware/1475168883000"
# webtalk_add_data -client sdk -key Processors -value "1" -context "sdk\\\\hardware/1475168883000"
# webtalk_add_data -client sdk -key VivadoVersion -value "2016.2" -context "sdk\\\\hardware/1475168883000"
# webtalk_add_data -client sdk -key Arch -value "artix7" -context "sdk\\\\hardware/1475168883000"
# webtalk_add_data -client sdk -key Device -value "7a100t" -context "sdk\\\\hardware/1475168883000"
# webtalk_add_data -client sdk -key IsHandoff -value "true" -context "sdk\\\\hardware/1475168883000"
# webtalk_add_data -client sdk -key uid -value "1475173881000" -context "sdk\\\\bsp/1475173881000"
# webtalk_add_data -client sdk -key hwid -value "1475168883000" -context "sdk\\\\bsp/1475173881000"
# webtalk_add_data -client sdk -key os -value "standalone" -context "sdk\\\\bsp/1475173881000"
# webtalk_add_data -client sdk -key apptemplate -value "lwip_echo_server" -context "sdk\\\\bsp/1475173881000"
# webtalk_add_data -client sdk -key uid -value "1475173882000" -context "sdk\\\\application/1475173882000"
# webtalk_add_data -client sdk -key hwid -value "1475168883000" -context "sdk\\\\application/1475173882000"
# webtalk_add_data -client sdk -key bspid -value "1475173881000" -context "sdk\\\\application/1475173882000"
# webtalk_add_data -client sdk -key newbsp -value "true" -context "sdk\\\\application/1475173882000"
# webtalk_add_data -client sdk -key os -value "standalone" -context "sdk\\\\application/1475173882000"
# webtalk_add_data -client sdk -key apptemplate -value "lwip_echo_server" -context "sdk\\\\application/1475173882000"
# webtalk_add_data -client sdk -key uid -value "1475180077000" -context "sdk\\\\bsp/1475180077000"
# webtalk_add_data -client sdk -key hwid -value "1475168883000" -context "sdk\\\\bsp/1475180077000"
# webtalk_add_data -client sdk -key os -value "standalone" -context "sdk\\\\bsp/1475180077000"
# webtalk_add_data -client sdk -key apptemplate -value "lwip_echo_server" -context "sdk\\\\bsp/1475180077000"
# webtalk_add_data -client sdk -key uid -value "1475180077000" -context "sdk\\\\application/1475180077000"
# webtalk_add_data -client sdk -key hwid -value "1475168883000" -context "sdk\\\\application/1475180077000"
# webtalk_add_data -client sdk -key bspid -value "1475180077000" -context "sdk\\\\application/1475180077000"
# webtalk_add_data -client sdk -key newbsp -value "true" -context "sdk\\\\application/1475180077000"
# webtalk_add_data -client sdk -key os -value "standalone" -context "sdk\\\\application/1475180077000"
# webtalk_add_data -client sdk -key apptemplate -value "lwip_echo_server" -context "sdk\\\\application/1475180077000"
# webtalk_add_data -client sdk -key uid -value "1475183401000" -context "sdk\\\\bsp/1475183401000"
# webtalk_add_data -client sdk -key hwid -value "1475168883000" -context "sdk\\\\bsp/1475183401000"
# webtalk_add_data -client sdk -key os -value "standalone" -context "sdk\\\\bsp/1475183401000"
# webtalk_add_data -client sdk -key apptemplate -value "empty_application" -context "sdk\\\\bsp/1475183401000"
# webtalk_add_data -client sdk -key uid -value "1475183402000" -context "sdk\\\\application/1475183402000"
# webtalk_add_data -client sdk -key hwid -value "1475168883000" -context "sdk\\\\application/1475183402000"
# webtalk_add_data -client sdk -key bspid -value "1475183401000" -context "sdk\\\\application/1475183402000"
# webtalk_add_data -client sdk -key newbsp -value "true" -context "sdk\\\\application/1475183402000"
# webtalk_add_data -client sdk -key os -value "standalone" -context "sdk\\\\application/1475183402000"
# webtalk_add_data -client sdk -key apptemplate -value "empty_application" -context "sdk\\\\application/1475183402000"
# webtalk_add_data -client sdk -key uid -value "1475195872000" -context "sdk\\\\bsp/1475195872000"
# webtalk_add_data -client sdk -key hwid -value "1475168883000" -context "sdk\\\\bsp/1475195872000"
# webtalk_add_data -client sdk -key os -value "standalone" -context "sdk\\\\bsp/1475195872000"
# webtalk_add_data -client sdk -key apptemplate -value "lwip_echo_server" -context "sdk\\\\bsp/1475195872000"
# webtalk_add_data -client sdk -key uid -value "1475195873000" -context "sdk\\\\application/1475195873000"
# webtalk_add_data -client sdk -key hwid -value "1475168883000" -context "sdk\\\\application/1475195873000"
# webtalk_add_data -client sdk -key bspid -value "1475195872000" -context "sdk\\\\application/1475195873000"
# webtalk_add_data -client sdk -key newbsp -value "true" -context "sdk\\\\application/1475195873000"
# webtalk_add_data -client sdk -key os -value "standalone" -context "sdk\\\\application/1475195873000"
# webtalk_add_data -client sdk -key apptemplate -value "lwip_echo_server" -context "sdk\\\\application/1475195873000"
# webtalk_add_data -client sdk -key uid -value "1475195957000" -context "sdk\\\\bsp/1475195957000"
# webtalk_add_data -client sdk -key hwid -value "1475168883000" -context "sdk\\\\bsp/1475195957000"
# webtalk_add_data -client sdk -key os -value "standalone" -context "sdk\\\\bsp/1475195957000"
# webtalk_add_data -client sdk -key apptemplate -value "srec_spi_bootloader" -context "sdk\\\\bsp/1475195957000"
# webtalk_add_data -client sdk -key uid -value "1475195958000" -context "sdk\\\\application/1475195958000"
# webtalk_add_data -client sdk -key hwid -value "1475168883000" -context "sdk\\\\application/1475195958000"
# webtalk_add_data -client sdk -key bspid -value "1475195957000" -context "sdk\\\\application/1475195958000"
# webtalk_add_data -client sdk -key newbsp -value "true" -context "sdk\\\\application/1475195958000"
# webtalk_add_data -client sdk -key os -value "standalone" -context "sdk\\\\application/1475195958000"
# webtalk_add_data -client sdk -key apptemplate -value "srec_spi_bootloader" -context "sdk\\\\application/1475195958000"
# webtalk_transmit -clientid 3865364251 -regid "" -xml /opt/Xilinx/Projects/mic_gather_data/mic_gather_data.sdk/webtalk/usage_statistics_ext_sdk.xml -html /opt/Xilinx/Projects/mic_gather_data/mic_gather_data.sdk/webtalk/usage_statistics_ext_sdk.html -wdm /opt/Xilinx/Projects/mic_gather_data/mic_gather_data.sdk/webtalk/sdk_webtalk.wdm -intro "<H3>SDK Usage Report</H3><BR>"
# webtalk_terminate
INFO: [Common 17-206] Exiting Webtalk at Thu Sep 29 23:17:31 2016...
